<?xml version="1.0" encoding="UTF-8"?>
<!-- Generated by org.testng.reporters.JUnitXMLReporter -->
<testsuite ignored="0" hostname="DESKTOP-CCFBQ94" failures="0" tests="3" name="Test" time="7.17" errors="0" timestamp="2021-02-19T23:52:36 EST">
  <testcase classname="Academy.getTitle" name="@BeforeTest initilize" time="3.337">
    <failure type="java.lang.IllegalAccessError" message="class Academy.getTitle (in unnamed module @0x62ddd21b) cannot access class com.sun.tools.sjavac.Log (in module jdk.compiler) because module jdk.compiler does not export com.sun.tools.sjavac to unnamed module @0x62ddd21b">
      <![CDATA[java.lang.IllegalAccessError: class Academy.getTitle (in unnamed module @0x62ddd21b) cannot access class com.sun.tools.sjavac.Log (in module jdk.compiler) because module jdk.compiler does not export com.sun.tools.sjavac to unnamed module @0x62ddd21b
at Academy.getTitle.initilize(getTitle.java:27)
... Removed 28 stack frames]]>
    </failure>
  </testcase> <!-- @BeforeTest initilize -->
  <testcase classname="Academy.HomePage" name="@AfterTest close" time="-1.613796756814E9">
    <skipped/>
  </testcase> <!-- @AfterTest close -->
  <testcase classname="Academy.getTitle" name="@AfterTest close" time="-1.613796756815E9">
    <skipped/>
  </testcase> <!-- @AfterTest close -->
  <testcase classname="Academy.getTitle" name="basePageNavigation" time="0.0">
    <skipped/>
  </testcase> <!-- basePageNavigation -->
  <testcase classname="Academy.HomePage" name="basePageNavigation" time="0.0">
    <skipped/>
  </testcase> <!-- basePageNavigation -->
  <testcase classname="Academy.HomePage" name="basePageNavigation" time="0.0">
    <skipped/>
  </testcase> <!-- basePageNavigation -->
</testsuite> <!-- Test -->
