<?xml version="1.0" encoding="UTF-8"?>
<testsuite xmlns:xsi="http://www.w3.org/2001/XMLSchema-instance" xsi:noNamespaceSchemaLocation="https://maven.apache.org/surefire/maven-surefire-plugin/xsd/surefire-test-report-3.0.xsd" version="3.0" name="TestSuite" time="16.539" tests="3" errors="0" skipped="0" failures="0">
  <properties>
[...]
</properties>
  <testcase name="basePageNavigation" classname="Academy.getTitle" time="0.11">
    <system-err><![CDATA[Starting ChromeDriver 87.0.4280.88 (89e2380a3e36c3464b5dd130St2a3r4ti9bn1g3 8C2h5r4om92e9Dr0id-verre fs8/7.b0r.a4n2c80h.-8he8 ad(s8/94e228308@0{#a13e73661c})3 4o6n4b p5orddt 123202623949b
1O3n8l2y5 l4o9c2a9l0 dc-ornenfse/ctbriaonncs h-arhee aadsll/4o2we8d0.@{
#1P7l6ea1}se) see o nht tpporst: /4/1ch1r2o4m
eOdrnilvy erl.occahlro cmionumne.cortigo/nssec aurriet ay-llcoonwesidd.e
raPtleioanses  fsoeer  hstutgpgess:t/i/conhsr omone kdereipveirn.gc hCrohmirumo.moergD/rsievceurr istayf-ec.on
siderations for suggestions on keeping ChromeDriver safe.
ChromeDriver was started successfully.
ChromeDriver was started successfully.
[1614016425.141][WARNING]: This version of ChromeDriver has not been tested with Chrome version 88.
[1614016425.236][WARNING]: This version of ChromeDriver has not been tested with Chrome version 88.
Feb 22, 2021 12:53:47 PM org.openqa.selenium.remote.ProtocolHandshake createSession
INFO: Detected dialect: W3C
Feb 22, 2021 12:53:47 PM org.openqa.selenium.remote.ProtocolHandshake createSession
INFO: Detected dialect: W3C
]]></system-err>
  </testcase>
  <testcase name="basePageNavigation[nonrestricted@qw.com, 12345](1)" classname="Academy.HomePage" time="1.868"/>
  <testcase name="basePageNavigation[restricteddata@gmail.com, 12345](2)" classname="Academy.HomePage" time="3.295"/>
</testsuite>