<?xml version="1.0" encoding="UTF-8"?>
<testng-results ignored="0" total="3" passed="3" failed="0" skipped="0">
  <reporter-output>
  </reporter-output>
  <suite started-at="2021-02-22T12:53:43 EST" name="Suite" finished-at="2021-02-22T12:53:59 EST" duration-ms="15715">
    <groups>
    </groups>
    <test started-at="2021-02-22T12:53:43 EST" name="getTitle" finished-at="2021-02-22T12:53:54 EST" duration-ms="10673">
      <class name="Academy.getTitle">
        <test-method is-config="true" signature="initilize()[pri:0, instance:Academy.getTitle@6692b6c6]" started-at="2021-02-22T12:53:43 EST" name="initilize" finished-at="2021-02-22T12:53:53 EST" duration-ms="10507" status="PASS">
          <reporter-output>
          </reporter-output>
        </test-method> <!-- initilize -->
        <test-method signature="basePageNavigation()[pri:0, instance:Academy.getTitle@6692b6c6]" started-at="2021-02-22T12:53:53 EST" name="basePageNavigation" finished-at="2021-02-22T12:53:54 EST" duration-ms="114" status="PASS">
          <reporter-output>
          </reporter-output>
        </test-method> <!-- basePageNavigation -->
        <test-method is-config="true" signature="close()[pri:0, instance:Academy.getTitle@6692b6c6]" started-at="2021-02-22T12:53:54 EST" name="close" finished-at="2021-02-22T12:53:54 EST" duration-ms="40" status="PASS">
          <reporter-output>
          </reporter-output>
        </test-method> <!-- close -->
      </class> <!-- Academy.getTitle -->
    </test> <!-- getTitle -->
    <test started-at="2021-02-22T12:53:43 EST" name="HomePage" finished-at="2021-02-22T12:53:59 EST" duration-ms="15715">
      <class name="Academy.HomePage">
        <test-method is-config="true" signature="initialization()[pri:0, instance:Academy.HomePage@658c5a19]" started-at="2021-02-22T12:53:43 EST" name="initialization" finished-at="2021-02-22T12:53:47 EST" duration-ms="3872" status="PASS">
          <reporter-output>
          </reporter-output>
        </test-method> <!-- initialization -->
        <test-method signature="basePageNavigation(java.lang.String, java.lang.String)[pri:0, instance:Academy.HomePage@658c5a19]" started-at="2021-02-22T12:53:47 EST" name="basePageNavigation" data-provider="getData" finished-at="2021-02-22T12:53:55 EST" duration-ms="8488" status="PASS">
          <params>
            <param index="0">
              <value>
                <![CDATA[nonrestricted@qw.com]]>
              </value>
            </param>
            <param index="1">
              <value>
                <![CDATA[12345]]>
              </value>
            </param>
          </params>
          <reporter-output>
          </reporter-output>
        </test-method> <!-- basePageNavigation -->
        <test-method signature="basePageNavigation(java.lang.String, java.lang.String)[pri:0, instance:Academy.HomePage@658c5a19]" started-at="2021-02-22T12:53:55 EST" name="basePageNavigation" data-provider="getData" finished-at="2021-02-22T12:53:59 EST" duration-ms="3295" status="PASS">
          <params>
            <param index="0">
              <value>
                <![CDATA[restricteddata@gmail.com]]>
              </value>
            </param>
            <param index="1">
              <value>
                <![CDATA[12345]]>
              </value>
            </param>
          </params>
          <reporter-output>
          </reporter-output>
        </test-method> <!-- basePageNavigation -->
        <test-method is-config="true" signature="close()[pri:0, instance:Academy.HomePage@658c5a19]" started-at="2021-02-22T12:53:59 EST" name="close" finished-at="2021-02-22T12:53:59 EST" duration-ms="29" status="PASS">
          <reporter-output>
          </reporter-output>
        </test-method> <!-- close -->
      </class> <!-- Academy.HomePage -->
    </test> <!-- HomePage -->
  </suite> <!-- Suite -->
</testng-results>
