<?xml version="1.0" encoding="UTF-8"?>
<testng-results ignored="0" total="2" passed="2" failed="0" skipped="0">
  <reporter-output>
  </reporter-output>
  <suite started-at="2021-02-21T13:01:15 EST" name="Default suite" finished-at="2021-02-21T13:01:28 EST" duration-ms="13070">
    <groups>
    </groups>
    <test started-at="2021-02-21T13:01:15 EST" name="Default test" finished-at="2021-02-21T13:01:28 EST" duration-ms="13070">
      <class name="Academy.HomePage">
        <test-method is-config="true" signature="initialization()[pri:0, instance:Academy.HomePage@71c3b41]" started-at="2021-02-21T13:01:15 EST" name="initialization" finished-at="2021-02-21T13:01:19 EST" duration-ms="3977" status="PASS">
          <reporter-output>
          </reporter-output>
        </test-method> <!-- initialization -->
        <test-method signature="basePageNavigation(java.lang.String, java.lang.String)[pri:0, instance:Academy.HomePage@71c3b41]" started-at="2021-02-21T13:01:19 EST" name="basePageNavigation" data-provider="getData" finished-at="2021-02-21T13:01:25 EST" duration-ms="5567" status="PASS">
          <params>
            <param index="0">
              <value>
                <![CDATA[nonrestricted@qw.com]]>
              </value>
            </param>
            <param index="1">
              <value>
                <![CDATA[12345]]>
              </value>
            </param>
          </params>
          <reporter-output>
          </reporter-output>
        </test-method> <!-- basePageNavigation -->
        <test-method signature="basePageNavigation(java.lang.String, java.lang.String)[pri:0, instance:Academy.HomePage@71c3b41]" started-at="2021-02-21T13:01:25 EST" name="basePageNavigation" data-provider="getData" finished-at="2021-02-21T13:01:28 EST" duration-ms="3307" status="PASS">
          <params>
            <param index="0">
              <value>
                <![CDATA[restricteddata@gmail.com]]>
              </value>
            </param>
            <param index="1">
              <value>
                <![CDATA[12345]]>
              </value>
            </param>
          </params>
          <reporter-output>
          </reporter-output>
        </test-method> <!-- basePageNavigation -->
        <test-method is-config="true" signature="close()[pri:0, instance:Academy.HomePage@71c3b41]" started-at="2021-02-21T13:01:28 EST" name="close" finished-at="2021-02-21T13:01:28 EST" duration-ms="174" status="PASS">
          <reporter-output>
          </reporter-output>
        </test-method> <!-- close -->
      </class> <!-- Academy.HomePage -->
    </test> <!-- Default test -->
  </suite> <!-- Default suite -->
</testng-results>
